

                        A COMPLETE DEBUG SESSION
               A Step-by-Step Trace through the program:
                              MBR_DEMO.COM



     This first section of code had to added in order to simulate the
  operation of the BIOS which loads the MBR code at 0000:7C00   And
  although this DEMO code _will_ load the MBR at offset 7C00, the
  memory segment depends upon where DOS reserved space in memory for
  your DEBUG session...
 


AX=0000  BX=0000  CX=0300  DX=0000  SP=FFEE  BP=0000  SI=0000  DI=0000
DS=186E  ES=186E  SS=186E  CS=186E  IP=0100   NV UP EI PL NZ NA PO NC
186E:0100 FC            CLD
-P

AX=0000  BX=0000  CX=0300  DX=0000  SP=FFEE  BP=0000  SI=0000  DI=0000
DS=186E  ES=186E  SS=186E  CS=186E  IP=0101   NV UP EI PL NZ NA PO NC
186E:0101 BE1001        MOV     SI,0110
-P

AX=0000  BX=0000  CX=0300  DX=0000  SP=FFEE  BP=0000  SI=0110  DI=0000
DS=186E  ES=186E  SS=186E  CS=186E  IP=0104   NV UP EI PL NZ NA PO NC
186E:0104 BF007C        MOV     DI,7C00
-P

AX=0000  BX=0000  CX=0300  DX=0000  SP=FFEE  BP=0000  SI=0110  DI=7C00
DS=186E  ES=186E  SS=186E  CS=186E  IP=0107   NV UP EI PL NZ NA PO NC
186E:0107 B90001        MOV     CX,0100
-P

AX=0000  BX=0000  CX=0100  DX=0000  SP=FFEE  BP=0000  SI=0110  DI=7C00
DS=186E  ES=186E  SS=186E  CS=186E  IP=010A   NV UP EI PL NZ NA PO NC
186E:010A F3            REPZ
186E:010B A5            MOVSW
-P

AX=0000  BX=0000  CX=0000  DX=0000  SP=FFEE  BP=0000  SI=0310  DI=7E00
DS=186E  ES=186E  SS=186E  CS=186E  IP=010C   NV UP EI PL NZ NA PO NC
186E:010C E9F17A        JMP     7C00
-P


           This is where the Standard MBR code begins:
===========================================================================

AX=0000  BX=0000  CX=0000  DX=0000  SP=FFEE  BP=0000  SI=0310  DI=7E00
DS=186E  ES=186E  SS=186E  CS=186E  IP=7C00   NV UP EI PL NZ NA PO NC
186E:7C00 FA            CLI
-P

AX=0000  BX=0000  CX=0000  DX=0000  SP=FFEE  BP=0000  SI=0310  DI=7E00
DS=186E  ES=186E  SS=186E  CS=186E  IP=7C01   NV UP DI PL NZ NA PO NC
186E:7C01 33C0          XOR     AX,AX
-P

AX=0000  BX=0000  CX=0000  DX=0000  SP=FFEE  BP=0000  SI=0310  DI=7E00
DS=186E  ES=186E  SS=186E  CS=186E  IP=7C03   NV UP DI PL ZR NA PE NC
186E:7C03 8CC8          MOV     AX,CS
-P

AX=186E  BX=0000  CX=0000  DX=0000  SP=FFEE  BP=0000  SI=0310  DI=7E00
DS=186E  ES=186E  SS=186E  CS=186E  IP=7C05   NV UP DI PL ZR NA PE NC
186E:7C05 BC007C        MOV     SP,7C00
-P

AX=186E  BX=0000  CX=0000  DX=0000  SP=7C00  BP=0000  SI=0310  DI=7E00
DS=186E  ES=186E  SS=186E  CS=186E  IP=7C08   NV UP DI PL ZR NA PE NC
186E:7C08 89E6          MOV     SI,SP
-P

AX=186E  BX=0000  CX=0000  DX=0000  SP=7C00  BP=0000  SI=7C00  DI=7E00
DS=186E  ES=186E  SS=186E  CS=186E  IP=7C0A   NV UP DI PL ZR NA PE NC
186E:7C0A 50            PUSH    AX
-P

AX=186E  BX=0000  CX=0000  DX=0000  SP=7BFE  BP=0000  SI=7C00  DI=7E00
DS=186E  ES=186E  SS=186E  CS=186E  IP=7C0B   NV UP DI PL ZR NA PE NC
186E:7C0B 07            POP     ES
-P

AX=186E  BX=0000  CX=0000  DX=0000  SP=7C00  BP=0000  SI=7C00  DI=7E00
DS=186E  ES=186E  SS=186E  CS=186E  IP=7C0C   NV UP DI PL ZR NA PE NC
186E:7C0C 50            PUSH    AX
-P

AX=186E  BX=0000  CX=0000  DX=0000  SP=7BFE  BP=0000  SI=7C00  DI=7E00
DS=186E  ES=186E  SS=186E  CS=186E  IP=7C0D   NV UP DI PL ZR NA PE NC
186E:7C0D 1F            POP     DS
-P

AX=186E  BX=0000  CX=0000  DX=0000  SP=7C00  BP=0000  SI=7C00  DI=7E00
DS=186E  ES=186E  SS=186E  CS=186E  IP=7C0E   NV UP DI PL ZR NA PE NC
186E:7C0E FB            STI
-P

AX=186E  BX=0000  CX=0000  DX=0000  SP=7C00  BP=0000  SI=7C00  DI=7E00
DS=186E  ES=186E  SS=186E  CS=186E  IP=7C0F   NV UP EI PL ZR NA PE NC
186E:7C0F FC            CLD
-P

AX=186E  BX=0000  CX=0000  DX=0000  SP=7C00  BP=0000  SI=7C00  DI=7E00
DS=186E  ES=186E  SS=186E  CS=186E  IP=7C10   NV UP EI PL ZR NA PE NC
186E:7C10 BF0006        MOV     DI,0600
-P

AX=186E  BX=0000  CX=0000  DX=0000  SP=7C00  BP=0000  SI=7C00  DI=0600
DS=186E  ES=186E  SS=186E  CS=186E  IP=7C13   NV UP EI PL ZR NA PE NC
186E:7C13 B90001        MOV     CX,0100
-P

AX=186E  BX=0000  CX=0100  DX=0000  SP=7C00  BP=0000  SI=7C00  DI=0600
DS=186E  ES=186E  SS=186E  CS=186E  IP=7C16   NV UP EI PL ZR NA PE NC
186E:7C16 F2            REPNZ
186E:7C17 A5            MOVSW
-P

AX=186E  BX=0000  CX=0000  DX=0000  SP=7C00  BP=0000  SI=7E00  DI=0800
DS=186E  ES=186E  SS=186E  CS=186E  IP=7C18   NV UP EI PL ZR NA PE NC
186E:7C18 E9028A        JMP     061D
-P


    The following is a straight run through the MBR code without taking
  any of the paths that lead to an error message...
============================================================================

AX=186E  BX=0000  CX=0000  DX=0000  SP=7C00  BP=0000  SI=7E00  DI=0800
DS=186E  ES=186E  SS=186E  CS=186E  IP=061D   NV UP EI PL ZR NA PE NC
186E:061D BEBE07        MOV     SI,07BE
-P

AX=186E  BX=0000  CX=0000  DX=0000  SP=7C00  BP=0000  SI=07BE  DI=0800
DS=186E  ES=186E  SS=186E  CS=186E  IP=0620   NV UP EI PL ZR NA PE NC
186E:0620 B304          MOV     BL,04
-P

AX=186E  BX=0004  CX=0000  DX=0000  SP=7C00  BP=0000  SI=07BE  DI=0800
DS=186E  ES=186E  SS=186E  CS=186E  IP=0622   NV UP EI PL ZR NA PE NC
186E:0622 803C80        CMP     BYTE PTR [SI],80                DS:07BE=80
-P

AX=186E  BX=0004  CX=0000  DX=0000  SP=7C00  BP=0000  SI=07BE  DI=0800
DS=186E  ES=186E  SS=186E  CS=186E  IP=0625   NV UP EI PL ZR NA PE NC
186E:0625 740E          JZ      0635
-P

AX=186E  BX=0004  CX=0000  DX=0000  SP=7C00  BP=0000  SI=07BE  DI=0800
DS=186E  ES=186E  SS=186E  CS=186E  IP=0635   NV UP EI PL ZR NA PE NC
186E:0635 8B14          MOV     DX,[SI]                         DS:07BE=0180
-P

AX=186E  BX=0004  CX=0000  DX=0180  SP=7C00  BP=0000  SI=07BE  DI=0800
DS=186E  ES=186E  SS=186E  CS=186E  IP=0637   NV UP EI PL ZR NA PE NC
186E:0637 8B4C02        MOV     CX,[SI+02]                      DS:07C0=0001
-P

AX=186E  BX=0004  CX=0001  DX=0180  SP=7C00  BP=0000  SI=07BE  DI=0800
DS=186E  ES=186E  SS=186E  CS=186E  IP=063A   NV UP EI PL ZR NA PE NC
186E:063A 89F5          MOV     BP,SI
-P

AX=186E  BX=0004  CX=0001  DX=0180  SP=7C00  BP=07BE  SI=07BE  DI=0800
DS=186E  ES=186E  SS=186E  CS=186E  IP=063C   NV UP EI PL ZR NA PE NC
186E:063C 83C610        ADD     SI,+10
-P

AX=186E  BX=0004  CX=0001  DX=0180  SP=7C00  BP=07BE  SI=07CE  DI=0800
DS=186E  ES=186E  SS=186E  CS=186E  IP=063F   NV UP EI PL NZ NA PO NC
186E:063F FECB          DEC     BL
-P

AX=186E  BX=0003  CX=0001  DX=0180  SP=7C00  BP=07BE  SI=07CE  DI=0800
DS=186E  ES=186E  SS=186E  CS=186E  IP=0641   NV UP EI PL NZ NA PE NC
186E:0641 741A          JZ      065D
-P

AX=186E  BX=0003  CX=0001  DX=0180  SP=7C00  BP=07BE  SI=07CE  DI=0800
DS=186E  ES=186E  SS=186E  CS=186E  IP=0643   NV UP EI PL NZ NA PE NC
186E:0643 803C00        CMP     BYTE PTR [SI],00                DS:07CE=00
-P

AX=186E  BX=0003  CX=0001  DX=0180  SP=7C00  BP=07BE  SI=07CE  DI=0800
DS=186E  ES=186E  SS=186E  CS=186E  IP=0646   NV UP EI PL ZR NA PE NC
186E:0646 74F4          JZ      063C
-P

AX=186E  BX=0003  CX=0001  DX=0180  SP=7C00  BP=07BE  SI=07CE  DI=0800
DS=186E  ES=186E  SS=186E  CS=186E  IP=063C   NV UP EI PL ZR NA PE NC
186E:063C 83C610        ADD     SI,+10
-P

AX=186E  BX=0003  CX=0001  DX=0180  SP=7C00  BP=07BE  SI=07DE  DI=0800
DS=186E  ES=186E  SS=186E  CS=186E  IP=063F   NV UP EI PL NZ NA PE NC
186E:063F FECB          DEC     BL
-P

AX=186E  BX=0002  CX=0001  DX=0180  SP=7C00  BP=07BE  SI=07DE  DI=0800
DS=186E  ES=186E  SS=186E  CS=186E  IP=0641   NV UP EI PL NZ NA PO NC
186E:0641 741A          JZ      065D
-P

AX=186E  BX=0002  CX=0001  DX=0180  SP=7C00  BP=07BE  SI=07DE  DI=0800
DS=186E  ES=186E  SS=186E  CS=186E  IP=0643   NV UP EI PL NZ NA PO NC
186E:0643 803C00        CMP     BYTE PTR [SI],00                DS:07DE=00
-P

AX=186E  BX=0002  CX=0001  DX=0180  SP=7C00  BP=07BE  SI=07DE  DI=0800
DS=186E  ES=186E  SS=186E  CS=186E  IP=0646   NV UP EI PL ZR NA PE NC
186E:0646 74F4          JZ      063C
-P

AX=186E  BX=0002  CX=0001  DX=0180  SP=7C00  BP=07BE  SI=07DE  DI=0800
DS=186E  ES=186E  SS=186E  CS=186E  IP=063C   NV UP EI PL ZR NA PE NC
186E:063C 83C610        ADD     SI,+10
-P

AX=186E  BX=0002  CX=0001  DX=0180  SP=7C00  BP=07BE  SI=07EE  DI=0800
DS=186E  ES=186E  SS=186E  CS=186E  IP=063F   NV UP EI PL NZ NA PE NC
186E:063F FECB          DEC     BL
-P

AX=186E  BX=0001  CX=0001  DX=0180  SP=7C00  BP=07BE  SI=07EE  DI=0800
DS=186E  ES=186E  SS=186E  CS=186E  IP=0641   NV UP EI PL NZ NA PO NC
186E:0641 741A          JZ      065D
-P

AX=186E  BX=0001  CX=0001  DX=0180  SP=7C00  BP=07BE  SI=07EE  DI=0800
DS=186E  ES=186E  SS=186E  CS=186E  IP=0643   NV UP EI PL NZ NA PO NC
186E:0643 803C00        CMP     BYTE PTR [SI],00                DS:07EE=00
-P

AX=186E  BX=0001  CX=0001  DX=0180  SP=7C00  BP=07BE  SI=07EE  DI=0800
DS=186E  ES=186E  SS=186E  CS=186E  IP=0646   NV UP EI PL ZR NA PE NC
186E:0646 74F4          JZ      063C
-P

AX=186E  BX=0001  CX=0001  DX=0180  SP=7C00  BP=07BE  SI=07EE  DI=0800
DS=186E  ES=186E  SS=186E  CS=186E  IP=063C   NV UP EI PL ZR NA PE NC
186E:063C 83C610        ADD     SI,+10
-P

AX=186E  BX=0001  CX=0001  DX=0180  SP=7C00  BP=07BE  SI=07FE  DI=0800
DS=186E  ES=186E  SS=186E  CS=186E  IP=063F   NV UP EI PL NZ NA PO NC
186E:063F FECB          DEC     BL
-P

AX=186E  BX=0000  CX=0001  DX=0180  SP=7C00  BP=07BE  SI=07FE  DI=0800
DS=186E  ES=186E  SS=186E  CS=186E  IP=0641   NV UP EI PL ZR NA PE NC
186E:0641 741A          JZ      065D
-P

AX=186E  BX=0000  CX=0001  DX=0180  SP=7C00  BP=07BE  SI=07FE  DI=0800
DS=186E  ES=186E  SS=186E  CS=186E  IP=065D   NV UP EI PL ZR NA PE NC
186E:065D BF0500        MOV     DI,0005
-P

AX=186E  BX=0000  CX=0001  DX=0180  SP=7C00  BP=07BE  SI=07FE  DI=0005
DS=186E  ES=186E  SS=186E  CS=186E  IP=0660   NV UP EI PL ZR NA PE NC
186E:0660 BB007C        MOV     BX,7C00
-P

AX=186E  BX=7C00  CX=0001  DX=0180  SP=7C00  BP=07BE  SI=07FE  DI=0005
DS=186E  ES=186E  SS=186E  CS=186E  IP=0663   NV UP EI PL ZR NA PE NC
186E:0663 B80102        MOV     AX,0201
-P

AX=0201  BX=7C00  CX=0001  DX=0180  SP=7C00  BP=07BE  SI=07FE  DI=0005
DS=186E  ES=186E  SS=186E  CS=186E  IP=0666   NV UP EI PL ZR NA PE NC
186E:0666 57            PUSH    DI
-P

AX=0201  BX=7C00  CX=0001  DX=0180  SP=7BFE  BP=07BE  SI=07FE  DI=0005
DS=186E  ES=186E  SS=186E  CS=186E  IP=0667   NV UP EI PL ZR NA PE NC
186E:0667 CD13          INT     13
-P

  IF you have a Windows NT/2000/XP OS running, the instruction above
 will not be able to execute!  It will try to directly access a hard
 drive and the OS will not allow that... If you're running Win 9x/ME,
 you should be able to proceed as follows:
===========================================================================
	At this time if you check the memory at 7C00 through 7DFF, you
  should find that a copy of your hard drive's Boot Sector has been
  loaded there.  Do a DUMP to compare it with the sector on my drive:

-D 7C00 7DFF

  7C00  EB 58 90 4D 53 57 49 4E-34 2E 31 00 02 08 20 00   .X.MSWIN4.1... .
  7C10  02 00 00 00 00 F8 00 00-3F 00 80 00 3F 00 00 00   ........?...?...
  7C20  C1 40 5E 00 88 17 00 00-00 00 00 00 02 00 00 00   .@^.............
  7C30  01 00 06 00 00 00 00 00-00 00 00 00 00 00 00 00   ................
  7C40  80 00 29 20 20 10 00 57-49 4E 39 35 5F 43 5F 44   ..)  ..WIN95_C_D
  7C50  52 56 46 41 54 33 32 20-20 20 FA 33 C9 8E D1 BC   RVFAT32   .3....
  7C60  F8 7B 8E C1 BD 78 00 C5-76 00 1E 56 16 55 BF 22   .{...x..v..V.U."
  7C70  05 89 7E 00 89 4E 02 B1-0B FC F3 A4 8E D9 BD 00   ..~..N..........
  7C80  7C C6 45 FE 0F 8B 46 18-88 45 F9 38 4E 40 7D 25   |.E...F..E.8N@}%
  7C90  8B C1 99 BB 00 07 E8 97-00 72 1A 83 EB 3A 66 A1   .........r...:f.
  7CA0  1C 7C 66 3B 07 8A 57 FC-75 06 80 CA 02 88 56 02   .|f;..W.u.....V.
  7CB0  80 C3 10 73 ED BF 02 00-83 7E 16 00 75 45 8B 46   ...s.....~..uE.F
  7CC0  1C 8B 56 1E B9 03 00 49-40 75 01 42 BB 00 7E E8   ..V....I@u.B..~.
  7CD0  5F 00 73 26 B0 F8 4F 74-1D 8B 46 32 33 D2 B9 03   _.s&..Ot..F23...
  7CE0  00 3B C8 77 1E 8B 76 0E-3B CE 73 17 2B F1 03 46   .;.w..v.;.s.+..F
  7CF0  1C 13 56 1E EB D1 73 0B-EB 27 83 7E 2A 00 77 03   ..V...s..'.~*.w.
  7D00  E9 FD 02 BE 7E 7D AC 98-03 F0 AC 84 C0 74 17 3C   ....~}.......t.<
  7D10  FF 74 09 B4 0E BB 07 00-CD 10 EB EE BE 81 7D EB   .t............}.
  7D20  E5 BE 7F 7D EB E0 98 CD-16 5E 1F 66 8F 04 CD 19   ...}.....^.f....
  7D30  41 56 66 6A 00 52 50 06-53 6A 01 6A 10 8B F4 60   AVfj.RP.Sj.j...`
  7D40  80 7E 02 0E 75 04 B4 42-EB 1D 91 92 33 D2 F7 76   .~..u..B....3..v
  7D50  18 91 F7 76 18 42 87 CA-F7 76 1A 8A F2 8A E8 C0   ...v.B...v......
  7D60  CC 02 0A CC B8 01 02 8A-56 40 CD 13 61 8D 64 10   ........V@..a.d.
  7D70  5E 72 0A 40 75 01 42 03-5E 0B 49 75 B4 C3 03 18   ^r.@u.B.^.Iu....
  7D80  01 27 0D 0A 49 6E 76 61-6C 69 64 20 73 79 73 74   .'..Invalid syst
  7D90  65 6D 20 64 69 73 6B FF-0D 0A 44 69 73 6B 20 49   em disk...Disk I
  7DA0  2F 4F 20 65 72 72 6F 72-FF 0D 0A 52 65 70 6C 61   /O error...Repla
  7DB0  63 65 20 74 68 65 20 64-69 73 6B 2C 20 61 6E 64   ce the disk, and
  7DC0  20 74 68 65 6E 20 70 72-65 73 73 20 61 6E 79 20    then press any
  7DD0  6B 65 79 0D 0A 00 00 00-49 4F 20 20 20 20 20 20   key.....IO
  7DE0  53 59 53 4D 53 44 4F 53-20 20 20 53 59 53 7E 01   SYSMSDOS   SYS~.
  7DF0  00 57 49 4E 42 4F 4F 54-20 53 59 53 00 00 55 AA   .WINBOOT SYS..U.


  Press the R key to get back to the REGISTER VIEW for the next step...
===========================================================================

-R

AX=0050  BX=7C00  CX=0001  DX=0180  SP=7BFE  BP=07BE  SI=07FE  DI=0005
DS=186E  ES=186E  SS=186E  CS=186E  IP=0669   NV UP EI PL ZR NA PE NC
186E:0669 5F            POP     DI
-P

AX=0050  BX=7C00  CX=0001  DX=0180  SP=7C00  BP=07BE  SI=07FE  DI=0005
DS=186E  ES=186E  SS=186E  CS=186E  IP=066A   NV UP EI PL ZR NA PE NC
186E:066A 730C          JNB     0678
-P

AX=0050  BX=7C00  CX=0001  DX=0180  SP=7C00  BP=07BE  SI=07FE  DI=0005
DS=186E  ES=186E  SS=186E  CS=186E  IP=0678   NV UP EI PL ZR NA PE NC
186E:0678 BEC206        MOV     SI,06C2
-P

AX=0050  BX=7C00  CX=0001  DX=0180  SP=7C00  BP=07BE  SI=06C2  DI=0005
DS=186E  ES=186E  SS=186E  CS=186E  IP=067B   NV UP EI PL ZR NA PE NC
186E:067B BFFE7D        MOV     DI,7DFE
-P

AX=0050  BX=7C00  CX=0001  DX=0180  SP=7C00  BP=07BE  SI=06C2  DI=7DFE
DS=186E  ES=186E  SS=186E  CS=186E  IP=067E   NV UP EI PL ZR NA PE NC
186E:067E 813D55AA      CMP     WORD PTR [DI],AA55              DS:7DFE=AA55
-P

AX=0050  BX=7C00  CX=0001  DX=0180  SP=7C00  BP=07BE  SI=06C2  DI=7DFE
DS=186E  ES=186E  SS=186E  CS=186E  IP=0682   NV UP EI PL ZR NA PE NC
186E:0682 75C7          JNZ     064B
-P

AX=0050  BX=7C00  CX=0001  DX=0180  SP=7C00  BP=07BE  SI=06C2  DI=7DFE
DS=186E  ES=186E  SS=186E  CS=186E  IP=0684   NV UP EI PL ZR NA PE NC
186E:0684 89EE          MOV     SI,BP
-P


     This is where I changed the standard code to display that this code
  is a demo program for the MBR, and to terminate program operation!
============================================================================

AX=0050  BX=7C00  CX=0001  DX=0180  SP=7C00  BP=07BE  SI=07BE  DI=7DFE
DS=186E  ES=186E  SS=186E  CS=186E  IP=0686   NV UP EI PL ZR NA PE NC
186E:0686 E967FD        JMP     03F0


AX=0050  BX=7C00  CX=0001  DX=0180  SP=7C00  BP=07BE  SI=07BE  DI=7DFE
DS=186E  ES=186E  SS=186E  CS=186E  IP=03F0   NV UP EI PL ZR NA PE NC
186E:03F0 BA1003        MOV     DX,0310
-P

AX=0050  BX=7C00  CX=0001  DX=0310  SP=7C00  BP=07BE  SI=07BE  DI=7DFE
DS=186E  ES=186E  SS=186E  CS=186E  IP=03F3   NV UP EI PL ZR NA PE NC
186E:03F3 B409          MOV     AH,09
-P

AX=0950  BX=7C00  CX=0001  DX=0310  SP=7C00  BP=07BE  SI=07BE  DI=7DFE
DS=186E  ES=186E  SS=186E  CS=186E  IP=03F5   NV UP EI PL ZR NA PE NC
186E:03F5 CD21          INT     21
-P

   This program demonstrates the operation of a Master Boot Record !

   You must open this file with a debugging program such as MS-DOS DEBUG
   to fully understand it.  See MBR_DEMO.TXT for a complete explanation.

AX=0924  BX=7C00  CX=0001  DX=0310  SP=7C00  BP=07BE  SI=07BE  DI=7DFE
DS=186E  ES=186E  SS=186E  CS=186E  IP=03F7   NV UP EI PL ZR NA PE NC
186E:03F7 B8004C        MOV     AX,4C00
-P

AX=0924  BX=7C00  CX=0001  DX=0310  SP=7C00  BP=07BE  SI=07BE  DI=7DFE
DS=186E  ES=186E  SS=186E  CS=186E  IP=03F7   NV UP EI PL ZR NA PE NC
186E:03F7 B8004C        MOV     AX,4C00
-P

AX=4C00  BX=7C00  CX=0001  DX=0310  SP=7C00  BP=07BE  SI=07BE  DI=7DFE
DS=186E  ES=186E  SS=186E  CS=186E  IP=03FA   NV UP EI PL ZR NA PE NC
186E:03FA CD21          INT     21
-P

      At this time you'll be kicked out of DEBUG due to normal program
  termination.


 [ The Starman.  23 JUN 2003. ]